<?xml version="1.0" encoding="UTF-8"?>
<!-- Generated by org.testng.reporters.JUnitReportReporter -->
<testsuite hostname="DESKTOP-CJA315F" failures="0" tests="1" name="com.crm.cc.productTest.ProductInfoTest" time="0.051" errors="0" timestamp="2021-05-08T23:46:21 IST" skipped="0">
  <testcase classname="com.crm.cc.productTest.ProductInfoTest" name="Demo2" time="0.051"/>
  <system-out/>
</testsuite> <!-- com.crm.cc.productTest.ProductInfoTest -->
